
SQL*Loader: Release 18.0.0.0.0 - Production on 日 5月 9 15:53:20 2021
Version 18.4.0.0.0

Copyright (c) 1982, 2019, Oracle and/or its affiliates.  All rights reserved.

制御ファイル:    ./TBW_HOGE3_2.ctl
文字セットAL32UTF8がすべての入力で指定されています。

データファイル./TBW_HOGE3.dat
  不良ファイル:  ./TBW_HOGE3.bad
  廃棄ファイル:  指定なし

 (すべて廃棄できます)

ロード数: ALL
スキップ数: 0
許容エラー数: 50
バインド配列:    250行、最大1048576バイト
継続文字:    指定なし
使用パス:      従来型

表TBW_HOGE3、 ロード済 すべての論理レコードから
この表に対する有効な挿入オプション: APPEND
TRAILING NULLCOLSオプションは有効です。

   列名                  位置   長さ  用語暗号化データ型
------------------------------ ---------- ----- ---- ---- ---------------------
CUST_NO                            FIRST    *  , O(")CHARACTER            
                                                      O(")
CHR_COL                             NEXT   10  , O(")CHARACTER            
                                                      O(")
VAR_COL                             NEXT   10  , O(")CHARACTER            
                                                      O(")
HOGE                                NEXT   40  , O(")CHARACTER            
                                                      O(")


表TBW_HOGE3:
  26 行は正常にロードされました。
  0 行はデータ・エラーのためロードされませんでした。
  0 行は、すべてのWHEN句が失敗したためロードされませんでした。
  0 行はすべてのフィールドがNULLであったためロードされませんでした。


バインド配列に割り当てられた領域:    81000バイト(250行)
読取りバッファのバイト数:  1048576

スキップされた論理レコードの合計:          0
読み込まれた論理レコードの合計:            26
拒否された論理レコードの合計:               0
廃棄された論理レコードの合計:        0

実行開始日 5月  09 15:53:20 2021
実行終了日 5月  09 15:53:22 2021

実行時間:        00: 00: 01.07
CPU時間 :        00: 00: 00.14
