
SQL*Loader: Release 18.0.0.0.0 - Production on 月 4月 19 00:20:39 2021
Version 18.4.0.0.0

Copyright (c) 1982, 2019, Oracle and/or its affiliates.  All rights reserved.

制御ファイル:    ./tbw_hoge.ctl
データファイル./tbw_hoge.dat
  不良ファイル:  ./tbw_hoge.bad
  廃棄ファイル:  指定なし

 (すべて廃棄できます)

ロード数: ALL
スキップ数: 0
許容エラー数: 50
バインド配列:    250行、最大1048576バイト
継続文字:    指定なし
使用パス:      従来型

表TBW_HOGE、 ロード済 すべての論理レコードから
この表に対する有効な挿入オプション: APPEND

   列名                  位置   長さ  用語暗号化データ型
------------------------------ ---------- ----- ---- ---- ---------------------
CUST_NO                            FIRST    *  ;     CHARACTER            
CUST_NAME                           NEXT   40  ;     CHARACTER            
MEMO                                NEXT10000  ;     CHARACTER            

ROWSパラメータに使用される値が250から101に変更されました

表TBW_HOGE:
  3 行は正常にロードされました。
  0 行はデータ・エラーのためロードされませんでした。
  0 行は、すべてのWHEN句が失敗したためロードされませんでした。
  0 行はすべてのフィールドがNULLであったためロードされませんでした。


バインド配列に割り当てられた領域:  1040502バイト(101行)
読取りバッファのバイト数:  1048576

スキップされた論理レコードの合計:          0
読み込まれた論理レコードの合計:             3
拒否された論理レコードの合計:               0
廃棄された論理レコードの合計:        0

実行開始月 4月  19 00:20:39 2021
実行終了月 4月  19 00:20:39 2021

実行時間:        00: 00: 00.19
CPU時間 :        00: 00: 00.11
